<?xml version="1.0" encoding="UTF-8"?>
<!-- Generated by org.testng.reporters.JUnitXMLReporter -->
<testsuite ignored="1" hostname="Mattia" failures="0" tests="2" name="Submit Order Test" time="41.995" errors="0" timestamp="2026-08-27T08:42:48 CEST">
  <testcase classname="testingFramework.SubmitOrderTest" name="submitOrder" time="15.431"/>
  <testcase classname="testingFramework.SubmitOrderTest" name="submitOrder" time="15.325"/>
  <testcase classname="testingFramework.SubmitOrderTest" name="orderHistoryTest" time="0.0">
    <ignored/>
  </testcase> <!-- orderHistoryTest -->
</testsuite> <!-- Submit Order Test -->
