<?xml version="1.0" encoding="UTF-8"?>
<!-- Generated by org.testng.reporters.JUnitXMLReporter -->
<testsuite ignored="0" hostname="Mattia" failures="0" tests="2" name="Error Validation Test" time="23.21" errors="0" timestamp="2026-08-25T17:01:15 CEST">
  <testcase classname="testingFramework.ErrorValidationsTest" name="loginErrorValidation" time="0.399"/>
  <testcase classname="testingFramework.ErrorValidationsTest" name="productErrorValidation" time="14.021"/>
</testsuite> <!-- Error Validation Test -->
