<?xml version="1.0" encoding="UTF-8"?>
<!-- Generated by org.testng.reporters.JUnitXMLReporter -->
<testsuite ignored="1" hostname="LIT5CG1291F7N" failures="1" tests="1" name="Error Validation Test" time="0.146" errors="0" timestamp="2026-08-25T16:31:12 CEST">
  <testcase classname="testingFramework.ErrorValidationsTest" name="productErrorValidation" time="0.016">
    <failure type="java.lang.NullPointerException" message="Cannot invoke &amp;quot;testingFramework.pageobject.LandingPage.loginApplication(String, String)&amp;quot; because &amp;quot;this.landingPage&amp;quot; is null">
      <![CDATA[java.lang.NullPointerException: Cannot invoke "testingFramework.pageobject.LandingPage.loginApplication(String, String)" because "this.landingPage" is null
at testingFramework.ErrorValidationsTest.productErrorValidation(ErrorValidationsTest.java:24)
at java.base/java.util.ArrayList.forEach(ArrayList.java:1511)
at java.base/java.util.concurrent.FutureTask.run(FutureTask.java:264)
at java.base/java.util.concurrent.ThreadPoolExecutor.runWorker(ThreadPoolExecutor.java:1136)
at java.base/java.util.concurrent.ThreadPoolExecutor$Worker.run(ThreadPoolExecutor.java:635)
at java.base/java.lang.Thread.run(Thread.java:833)
... Removed 17 stack frames]]>
    </failure>
  </testcase> <!-- productErrorValidation -->
  <testcase classname="testingFramework.ErrorValidationsTest" name="loginErrorValidation" time="0.0">
    <ignored/>
  </testcase> <!-- loginErrorValidation -->
</testsuite> <!-- Error Validation Test -->
