<?xml version="1.0" encoding="UTF-8"?>
<!-- Generated by org.testng.reporters.JUnitXMLReporter -->
<testsuite ignored="0" hostname="LIT5CG1291F7N" failures="0" tests="2" name="Error Validation Test" time="26.759" errors="0" timestamp="2026-08-28T12:26:45 CEST">
  <testcase classname="testingFramework.ErrorValidationsTest" name="loginErrorValidation" time="1.136"/>
  <testcase classname="testingFramework.ErrorValidationsTest" name="productErrorValidation" time="4.579"/>
</testsuite> <!-- Error Validation Test -->
