<?xml version="1.0" encoding="UTF-8"?>
<testng-results ignored="0" total="1" passed="1" failed="0" skipped="0">
  <reporter-output>
  </reporter-output>
  <suite started-at="2026-08-24T22:11:55 CEST" name="Default suite" finished-at="2026-08-24T22:12:13 CEST" duration-ms="18082">
    <groups>
    </groups>
    <test started-at="2026-08-24T22:11:55 CEST" name="Default test" finished-at="2026-08-24T22:12:13 CEST" duration-ms="18082">
      <class name="testingFramework.SubmitOrderTest">
        <test-method signature="submitOrder()[pri:0, instance:testingFramework.SubmitOrderTest@68999068]" started-at="2026-08-24T22:11:55 CEST" name="submitOrder" finished-at="2026-08-24T22:12:13 CEST" duration-ms="18055" status="PASS">
          <reporter-output>
          </reporter-output>
        </test-method> <!-- submitOrder -->
      </class> <!-- testingFramework.SubmitOrderTest -->
    </test> <!-- Default test -->
  </suite> <!-- Default suite -->
</testng-results>
