<?xml version="1.0" encoding="UTF-8"?>
<!-- Generated by org.testng.reporters.JUnitReportReporter -->
<testsuite hostname="LIT5CG1291F7N" failures="0" tests="2" name="testingFramework.SubmitOrderTest" time="29.832" errors="0" timestamp="2026-08-25T16:22:24 CEST" skipped="0">
  <testcase classname="testingFramework.SubmitOrderTest" name="submitOrder" time="13.059"/>
  <testcase classname="testingFramework.SubmitOrderTest" name="orderHistoryTest" time="16.773"/>
</testsuite> <!-- testingFramework.SubmitOrderTest -->
