<?xml version="1.0" encoding="UTF-8"?>
<!-- Generated by org.testng.reporters.JUnitReportReporter -->
<testsuite hostname="LIT5CG1291F7N" failures="0" tests="3" name="testingFramework.SubmitOrderTest" time="51.898" errors="0" timestamp="2026-08-28T12:27:11 CEST" skipped="0">
  <testcase classname="testingFramework.SubmitOrderTest" name="submitOrder" time="25.004"/>
  <testcase classname="testingFramework.SubmitOrderTest" name="submitOrder" time="16.879"/>
  <testcase classname="testingFramework.SubmitOrderTest" name="orderHistoryTest" time="10.015"/>
</testsuite> <!-- testingFramework.SubmitOrderTest -->
