<?xml version="1.0" encoding="UTF-8"?>
<!-- Generated by org.testng.reporters.JUnitReportReporter -->
<testsuite hostname="Mattia" failures="0" tests="2" name="testingFramework.ErrorValidationsTest" time="47.865" errors="0" timestamp="2026-08-25T16:55:55 CEST" skipped="0">
  <testcase classname="testingFramework.ErrorValidationsTest" name="loginErrorValidation" time="8.649"/>
  <testcase classname="testingFramework.ErrorValidationsTest" name="productErrorValidation" time="39.216"/>
</testsuite> <!-- testingFramework.ErrorValidationsTest -->
