<?xml version="1.0" encoding="UTF-8"?>
<!-- Generated by org.testng.reporters.JUnitReportReporter -->
<testsuite hostname="LIT5CG1291F7N" failures="0" tests="2" name="testingFramework.ErrorValidationsTest" time="26.589" errors="0" timestamp="2026-08-28T12:27:11 CEST" skipped="0">
  <testcase classname="testingFramework.ErrorValidationsTest" name="productErrorValidation" time="16.891"/>
  <testcase classname="testingFramework.ErrorValidationsTest" name="loginErrorValidation" time="9.698"/>
</testsuite> <!-- testingFramework.ErrorValidationsTest -->
